[0.007s] Invoking command in '/home/nitesh/my_robot/build/my_robot_description': CMAKE_PREFIX_PATH=${CMAKE_PREFIX_PATH}:/opt/ros/jazzy DEBUGINFOD_URLS=https://debuginfod.ubuntu.com /usr/bin/cmake /home/nitesh/my_robot/src/my_robot_description -DCMAKE_INSTALL_PREFIX=/home/nitesh/my_robot/install/my_robot_description
[0.104s] -- The C compiler identification is GNU 13.3.0
[0.175s] -- The CXX compiler identification is GNU 13.3.0
[0.197s] -- Detecting C compiler ABI info
[0.280s] -- Detecting C compiler ABI info - done
[0.287s] -- Check for working C compiler: /usr/bin/cc - skipped
[0.287s] -- Detecting C compile features
[0.288s] -- Detecting C compile features - done
[0.298s] -- Detecting CXX compiler ABI info
[0.380s] -- Detecting CXX compiler ABI info - done
[0.387s] -- Check for working CXX compiler: /usr/bin/c++ - skipped
[0.387s] -- Detecting CXX compile features
[0.388s] -- Detecting CXX compile features - done
[0.395s] -- Found ament_cmake: 2.5.4 (/opt/ros/jazzy/share/ament_cmake/cmake)
[0.517s] -- Found Python3: /usr/bin/python3 (found version "3.12.3") found components: Interpreter 
[0.619s] -- Found ament_lint_auto: 0.17.2 (/opt/ros/jazzy/share/ament_lint_auto/cmake)
[0.711s] -- Added test 'lint_cmake' to check CMake code style
[0.712s] -- Added test 'xmllint' to check XML markup files
[0.714s] -- Configuring done (0.7s)
[0.716s] -- Generating done (0.0s)
[0.718s] -- Build files have been written to: /home/nitesh/my_robot/build/my_robot_description
[0.723s] Invoked command in '/home/nitesh/my_robot/build/my_robot_description' returned '0': CMAKE_PREFIX_PATH=${CMAKE_PREFIX_PATH}:/opt/ros/jazzy DEBUGINFOD_URLS=https://debuginfod.ubuntu.com /usr/bin/cmake /home/nitesh/my_robot/src/my_robot_description -DCMAKE_INSTALL_PREFIX=/home/nitesh/my_robot/install/my_robot_description
[0.724s] Invoking command in '/home/nitesh/my_robot/build/my_robot_description': CMAKE_PREFIX_PATH=${CMAKE_PREFIX_PATH}:/opt/ros/jazzy DEBUGINFOD_URLS=https://debuginfod.ubuntu.com /usr/bin/cmake --build /home/nitesh/my_robot/build/my_robot_description -- -j24 -l24
[0.757s] Invoked command in '/home/nitesh/my_robot/build/my_robot_description' returned '0': CMAKE_PREFIX_PATH=${CMAKE_PREFIX_PATH}:/opt/ros/jazzy DEBUGINFOD_URLS=https://debuginfod.ubuntu.com /usr/bin/cmake --build /home/nitesh/my_robot/build/my_robot_description -- -j24 -l24
[0.766s] Invoking command in '/home/nitesh/my_robot/build/my_robot_description': CMAKE_PREFIX_PATH=${CMAKE_PREFIX_PATH}:/opt/ros/jazzy DEBUGINFOD_URLS=https://debuginfod.ubuntu.com /usr/bin/cmake --install /home/nitesh/my_robot/build/my_robot_description
[0.772s] -- Install configuration: ""
[0.772s] -- Installing: /home/nitesh/my_robot/install/my_robot_description/share/ament_index/resource_index/package_run_dependencies/my_robot_description
[0.772s] -- Installing: /home/nitesh/my_robot/install/my_robot_description/share/ament_index/resource_index/parent_prefix_path/my_robot_description
[0.772s] -- Installing: /home/nitesh/my_robot/install/my_robot_description/share/my_robot_description/environment/ament_prefix_path.sh
[0.772s] -- Installing: /home/nitesh/my_robot/install/my_robot_description/share/my_robot_description/environment/ament_prefix_path.dsv
[0.772s] -- Installing: /home/nitesh/my_robot/install/my_robot_description/share/my_robot_description/environment/path.sh
[0.772s] -- Installing: /home/nitesh/my_robot/install/my_robot_description/share/my_robot_description/environment/path.dsv
[0.772s] -- Installing: /home/nitesh/my_robot/install/my_robot_description/share/my_robot_description/local_setup.bash
[0.772s] -- Installing: /home/nitesh/my_robot/install/my_robot_description/share/my_robot_description/local_setup.sh
[0.772s] -- Installing: /home/nitesh/my_robot/install/my_robot_description/share/my_robot_description/local_setup.zsh
[0.772s] -- Installing: /home/nitesh/my_robot/install/my_robot_description/share/my_robot_description/local_setup.dsv
[0.773s] -- Installing: /home/nitesh/my_robot/install/my_robot_description/share/my_robot_description/package.dsv
[0.773s] -- Installing: /home/nitesh/my_robot/install/my_robot_description/share/ament_index/resource_index/packages/my_robot_description
[0.773s] -- Installing: /home/nitesh/my_robot/install/my_robot_description/share/my_robot_description/cmake/my_robot_descriptionConfig.cmake
[0.773s] -- Installing: /home/nitesh/my_robot/install/my_robot_description/share/my_robot_description/cmake/my_robot_descriptionConfig-version.cmake
[0.773s] -- Installing: /home/nitesh/my_robot/install/my_robot_description/share/my_robot_description/package.xml
[0.774s] Invoked command in '/home/nitesh/my_robot/build/my_robot_description' returned '0': CMAKE_PREFIX_PATH=${CMAKE_PREFIX_PATH}:/opt/ros/jazzy DEBUGINFOD_URLS=https://debuginfod.ubuntu.com /usr/bin/cmake --install /home/nitesh/my_robot/build/my_robot_description
