[0.007s] Invoking command in '/home/nitesh/my_robot/build/my_robot_description': CMAKE_PREFIX_PATH=${CMAKE_PREFIX_PATH}:/opt/ros/jazzy DEBUGINFOD_URLS=https://debuginfod.ubuntu.com /usr/bin/cmake --build /home/nitesh/my_robot/build/my_robot_description -- -j24 -l24
[0.036s] Invoked command in '/home/nitesh/my_robot/build/my_robot_description' returned '0': CMAKE_PREFIX_PATH=${CMAKE_PREFIX_PATH}:/opt/ros/jazzy DEBUGINFOD_URLS=https://debuginfod.ubuntu.com /usr/bin/cmake --build /home/nitesh/my_robot/build/my_robot_description -- -j24 -l24
[0.044s] Invoking command in '/home/nitesh/my_robot/build/my_robot_description': CMAKE_PREFIX_PATH=${CMAKE_PREFIX_PATH}:/opt/ros/jazzy DEBUGINFOD_URLS=https://debuginfod.ubuntu.com /usr/bin/cmake --install /home/nitesh/my_robot/build/my_robot_description
[0.050s] -- Install configuration: ""
[0.050s] -- Up-to-date: /home/nitesh/my_robot/install/my_robot_description/share/my_robot_description/meshes
[0.050s] -- Up-to-date: /home/nitesh/my_robot/install/my_robot_description/share/my_robot_description/meshes/caster_front_link.STL
[0.050s] -- Up-to-date: /home/nitesh/my_robot/install/my_robot_description/share/my_robot_description/meshes/wheel_left_link.STL
[0.050s] -- Up-to-date: /home/nitesh/my_robot/install/my_robot_description/share/my_robot_description/meshes/wheel_right_link.STL
[0.050s] -- Up-to-date: /home/nitesh/my_robot/install/my_robot_description/share/my_robot_description/meshes/base_link.STL
[0.050s] -- Up-to-date: /home/nitesh/my_robot/install/my_robot_description/share/my_robot_description/meshes/imu_link.STL
[0.050s] -- Up-to-date: /home/nitesh/my_robot/install/my_robot_description/share/my_robot_description/meshes/caster_rear_link.STL
[0.050s] -- Up-to-date: /home/nitesh/my_robot/install/my_robot_description/share/my_robot_description/urdf
[0.050s] -- Installing: /home/nitesh/my_robot/install/my_robot_description/share/my_robot_description/urdf/my_robot_urdf.xacro
[0.050s] -- Up-to-date: /home/nitesh/my_robot/install/my_robot_description/share/ament_index/resource_index/package_run_dependencies/my_robot_description
[0.050s] -- Up-to-date: /home/nitesh/my_robot/install/my_robot_description/share/ament_index/resource_index/parent_prefix_path/my_robot_description
[0.050s] -- Up-to-date: /home/nitesh/my_robot/install/my_robot_description/share/my_robot_description/environment/ament_prefix_path.sh
[0.050s] -- Up-to-date: /home/nitesh/my_robot/install/my_robot_description/share/my_robot_description/environment/ament_prefix_path.dsv
[0.050s] -- Up-to-date: /home/nitesh/my_robot/install/my_robot_description/share/my_robot_description/environment/path.sh
[0.050s] -- Up-to-date: /home/nitesh/my_robot/install/my_robot_description/share/my_robot_description/environment/path.dsv
[0.050s] -- Up-to-date: /home/nitesh/my_robot/install/my_robot_description/share/my_robot_description/local_setup.bash
[0.050s] -- Up-to-date: /home/nitesh/my_robot/install/my_robot_description/share/my_robot_description/local_setup.sh
[0.050s] -- Up-to-date: /home/nitesh/my_robot/install/my_robot_description/share/my_robot_description/local_setup.zsh
[0.050s] -- Up-to-date: /home/nitesh/my_robot/install/my_robot_description/share/my_robot_description/local_setup.dsv
[0.050s] -- Installing: /home/nitesh/my_robot/install/my_robot_description/share/my_robot_description/package.dsv
[0.050s] -- Up-to-date: /home/nitesh/my_robot/install/my_robot_description/share/ament_index/resource_index/packages/my_robot_description
[0.051s] -- Up-to-date: /home/nitesh/my_robot/install/my_robot_description/share/my_robot_description/cmake/my_robot_descriptionConfig.cmake
[0.051s] -- Up-to-date: /home/nitesh/my_robot/install/my_robot_description/share/my_robot_description/cmake/my_robot_descriptionConfig-version.cmake
[0.051s] -- Up-to-date: /home/nitesh/my_robot/install/my_robot_description/share/my_robot_description/package.xml
[0.051s] Invoked command in '/home/nitesh/my_robot/build/my_robot_description' returned '0': CMAKE_PREFIX_PATH=${CMAKE_PREFIX_PATH}:/opt/ros/jazzy DEBUGINFOD_URLS=https://debuginfod.ubuntu.com /usr/bin/cmake --install /home/nitesh/my_robot/build/my_robot_description
